# Server version 0.08 running on localhost:8123
# Game ID: 17
# Board class: pentago_twist.PentagoBoard
# Timeout: 20000
# First Move Timeout: 30000
# Date: Tue Apr 13 00:30:02 CST 2021
# Player 1: Player-0, '260766420', running on localhost
# Player 2: Player-1, '260766420', running on localhost
START Player-0 260766420
START Player-1 260766420
1 1 0 0 0
1 4 0 0 1
4 1 0 0 0
4 4 0 0 1
0 0 0 0 0
0 3 0 0 1
0 0 0 0 0
0 4 0 0 1
0 1 0 0 0
0 5 0 0 1
0 1 0 0 0
0 0 0 0 1
3 1 0 1 0
GAMEOVER WINNER 0
# Game ended: Tue Apr 13 00:30:03 CST 2021
