# Server version 0.08 running on 192.168.0.105:8123
# Game ID: 15
# Board class: pentago_twist.PentagoBoard
# Timeout: 20000
# First Move Timeout: 30000
# Date: Tue Apr 13 00:26:26 CST 2021
# Player 1: Player-0, '260766420', running on 192.168.0.105
# Player 2: Player-1, 'RandomPlayer', running on 192.168.0.105
START Player-0 260766420
START Player-1 RandomPlayer
0 0 0 0 0
4 4 2 0 1
0 0 0 0 0
1 0 1 0 1
0 0 0 0 0
1 3 1 1 1
0 0 0 0 0
1 1 2 1 1
0 3 1 0 0
4 3 1 1 1
2 3 1 1 0
5 4 0 0 1
3 1 2 0 0
1 0 2 1 1
4 2 0 0 0
4 1 0 0 1
5 3 0 0 0
1 3 0 0 1
5 5 0 0 0
3 1 3 0 1
0 3 1 0 0
5 2 3 0 1
5 3 2 1 0
2 4 3 0 1
0 3 3 0 0
3 3 2 1 1
5 1 3 1 0
1 5 0 0 1
3 0 0 1 0
4 3 3 1 1
1 2 2 0 0
GAMEOVER WINNER 1
# Game ended: Tue Apr 13 00:26:29 CST 2021
